<?xml version="1.0" encoding="UTF-8"?>
<!-- Generated by org.testng.reporters.JUnitXMLReporter -->
<testsuite ignored="0" hostname="Home" failures="0" tests="12" name="TutorialsNinja Test" time="201.011" errors="0" timestamp="2025-01-18T16:50:17 IST">
  <testcase classname="com.testcases.Login" name="verifyLoginWithValidCredentials" time="1.896"/>
  <testcase classname="com.testcases.Login" name="verifyLoginWithInvalidCredentials" time="1.711"/>
  <testcase classname="com.testcases.Login" name="verifyLoginWithInvalidEmailAndValidPassword" time="1.334"/>
  <testcase classname="com.testcases.Login" name="verifyLoginWithvalidEmailAndInvalidPassword" time="1.276"/>
  <testcase classname="com.testcases.Login" name="verifyLoginWithoutProvidingCredentials" time="1.099"/>
  <testcase classname="com.testcases.Search" name="verifySearchWithValidProduct" time="1.328"/>
  <testcase classname="com.testcases.Search" name="verifySearchWithInvalidProduct" time="0.748"/>
  <testcase classname="com.testcases.Search" name="verifySearchWithoutAnyProduct" time="0.753"/>
  <testcase classname="com.testcases.Register" name="verifyRegisteringAnAccountWithMandatoryFields" time="12.687"/>
  <testcase classname="com.testcases.Register" name="verifyRegisteringAnAccountWithProvidingAllFields" time="5.558"/>
  <testcase classname="com.testcases.Register" name="verifyRegisteringAnAccountWithExistingEmailAddress" time="4.311"/>
  <testcase classname="com.testcases.Register" name="verifyRegisteringAccountWithoutFillingAnyDetails" time="4.46"/>
</testsuite> <!-- TutorialsNinja Test -->
