<?xml version="1.0" encoding="UTF-8"?>
<!-- Generated by org.testng.reporters.JUnitXMLReporter -->
<testsuite ignored="4" hostname="Home" failures="0" tests="3" name="Default test" time="41.521" errors="0" timestamp="2025-01-19T22:24:57 IST">
  <testcase classname="com.testcases.Login" name="verifyLoginWithValidCredentials" time="1.17"/>
  <testcase classname="com.testcases.Login" name="verifyLoginWithValidCredentials" time="1.541"/>
  <testcase classname="com.testcases.Login" name="verifyLoginWithValidCredentials" time="1.146"/>
  <testcase classname="com.testcases.Login" name="verifyLoginWithoutProvidingCredentials" time="0.0">
    <ignored/>
  </testcase> <!-- verifyLoginWithoutProvidingCredentials -->
  <testcase classname="com.testcases.Login" name="verifyLoginWithvalidEmailAndInvalidPassword" time="0.0">
    <ignored/>
  </testcase> <!-- verifyLoginWithvalidEmailAndInvalidPassword -->
  <testcase classname="com.testcases.Login" name="verifyLoginWithInvalidEmailAndValidPassword" time="0.0">
    <ignored/>
  </testcase> <!-- verifyLoginWithInvalidEmailAndValidPassword -->
  <testcase classname="com.testcases.Login" name="verifyLoginWithInvalidCredentials" time="0.0">
    <ignored/>
  </testcase> <!-- verifyLoginWithInvalidCredentials -->
</testsuite> <!-- Default test -->
