<?xml version="1.0" encoding="UTF-8"?>
<testng-results ignored="0" total="3" passed="3" failed="0" skipped="0">
  <reporter-output>
  </reporter-output>
  <suite started-at="2025-01-19T22:24:15 IST" name="Default suite" finished-at="2025-01-19T22:24:57 IST" duration-ms="41521">
    <groups>
    </groups>
    <test started-at="2025-01-19T22:24:15 IST" name="Default test" finished-at="2025-01-19T22:24:57 IST" duration-ms="41521">
      <class name="com.testcases.Login">
        <test-method is-config="true" signature="setup()[pri:0, instance:com.testcases.Login@5b1669c0]" started-at="2025-01-19T22:24:15 IST" name="setup" finished-at="2025-01-19T22:24:35 IST" duration-ms="19814" status="PASS">
          <reporter-output>
          </reporter-output>
        </test-method> <!-- setup -->
        <test-method signature="verifyLoginWithValidCredentials(java.lang.String,java.lang.String)[pri:1, instance:com.testcases.Login@5b1669c0]" started-at="2025-01-19T22:24:35 IST" name="verifyLoginWithValidCredentials" data-provider="supplyTestData" finished-at="2025-01-19T22:24:36 IST" duration-ms="1170" status="PASS">
          <params>
            <param index="0">
              <value>
                <![CDATA[shubhammsemaskar@gmail.com]]>
              </value>
            </param>
            <param index="1">
              <value>
                <![CDATA[bubble00]]>
              </value>
            </param>
          </params>
          <reporter-output>
          </reporter-output>
        </test-method> <!-- verifyLoginWithValidCredentials -->
        <test-method is-config="true" signature="tearDown()[pri:0, instance:com.testcases.Login@5b1669c0]" started-at="2025-01-19T22:24:36 IST" name="tearDown" finished-at="2025-01-19T22:24:37 IST" duration-ms="564" status="PASS">
          <reporter-output>
          </reporter-output>
        </test-method> <!-- tearDown -->
        <test-method is-config="true" signature="setup()[pri:0, instance:com.testcases.Login@5b1669c0]" started-at="2025-01-19T22:24:37 IST" name="setup" finished-at="2025-01-19T22:24:44 IST" duration-ms="7272" status="PASS">
          <reporter-output>
          </reporter-output>
        </test-method> <!-- setup -->
        <test-method signature="verifyLoginWithValidCredentials(java.lang.String,java.lang.String)[pri:1, instance:com.testcases.Login@5b1669c0]" started-at="2025-01-19T22:24:44 IST" name="verifyLoginWithValidCredentials" data-provider="supplyTestData" finished-at="2025-01-19T22:24:46 IST" duration-ms="1541" status="PASS">
          <params>
            <param index="0">
              <value>
                <![CDATA[semaskarshubham94@gmail.com]]>
              </value>
            </param>
            <param index="1">
              <value>
                <![CDATA[bubble00]]>
              </value>
            </param>
          </params>
          <reporter-output>
          </reporter-output>
        </test-method> <!-- verifyLoginWithValidCredentials -->
        <test-method is-config="true" signature="tearDown()[pri:0, instance:com.testcases.Login@5b1669c0]" started-at="2025-01-19T22:24:46 IST" name="tearDown" finished-at="2025-01-19T22:24:46 IST" duration-ms="370" status="PASS">
          <reporter-output>
          </reporter-output>
        </test-method> <!-- tearDown -->
        <test-method is-config="true" signature="setup()[pri:0, instance:com.testcases.Login@5b1669c0]" started-at="2025-01-19T22:24:46 IST" name="setup" finished-at="2025-01-19T22:24:55 IST" duration-ms="9234" status="PASS">
          <reporter-output>
          </reporter-output>
        </test-method> <!-- setup -->
        <test-method signature="verifyLoginWithValidCredentials(java.lang.String,java.lang.String)[pri:1, instance:com.testcases.Login@5b1669c0]" started-at="2025-01-19T22:24:55 IST" name="verifyLoginWithValidCredentials" data-provider="supplyTestData" finished-at="2025-01-19T22:24:56 IST" duration-ms="1146" status="PASS">
          <params>
            <param index="0">
              <value>
                <![CDATA[semaskarshubham@rocketmail.com]]>
              </value>
            </param>
            <param index="1">
              <value>
                <![CDATA[bubble00]]>
              </value>
            </param>
          </params>
          <reporter-output>
          </reporter-output>
        </test-method> <!-- verifyLoginWithValidCredentials -->
        <test-method is-config="true" signature="tearDown()[pri:0, instance:com.testcases.Login@5b1669c0]" started-at="2025-01-19T22:24:56 IST" name="tearDown" finished-at="2025-01-19T22:24:57 IST" duration-ms="330" status="PASS">
          <reporter-output>
          </reporter-output>
        </test-method> <!-- tearDown -->
      </class> <!-- com.testcases.Login -->
    </test> <!-- Default test -->
  </suite> <!-- Default suite -->
</testng-results>
